2025-10-03 15:58:18,160 - __main__ - INFO - Analysis started at: 2025-10-03 15:58:18.160858
2025-10-03 15:58:18,160 - __main__ - INFO - Log file: logs/full_analysis_20251003_155818.log
2025-10-03 15:58:18,210 - __main__ - INFO - 
================================================================================
2025-10-03 15:58:18,211 - __main__ - INFO - CONFIGURATION
2025-10-03 15:58:18,211 - __main__ - INFO - ================================================================================
2025-10-03 15:58:18,212 - __main__ - INFO - Email: param.pat01@gmail.com
2025-10-03 15:58:18,212 - __main__ - INFO - Date range: 2020-01-01 to 2024-12-31
2025-10-03 15:58:18,212 - __main__ - INFO - Universities: 44
2025-10-03 15:58:18,213 - __main__ - INFO - Themes: 9
2025-10-03 15:58:18,215 - __main__ - INFO - Mode: Quick test
2025-10-03 15:58:19,717 - src.openalex_collector - INFO - OpenAlex Collector initialized
2025-10-03 15:58:19,718 - src.openalex_collector - INFO - Date range: 2020-01-01 to 2024-12-31
2025-10-03 15:58:19,718 - src.openalex_collector - INFO - Using email: param.pat01@gmail.com
2025-10-03 15:58:19,718 - src.openalex_collector - INFO - 
================================================================================
2025-10-03 15:58:19,719 - src.openalex_collector - INFO - COLLECTING PAPERS FROM 3 UNIVERSITIES
2025-10-03 15:58:19,719 - src.openalex_collector - INFO - ================================================================================

2025-10-03 15:58:19,730 - src.openalex_collector - INFO - 
Fetching papers from: University of Melbourne
2025-10-03 15:58:28,488 - src.openalex_collector - INFO -   Page 1: Fetched 200 papers (Total: 198)
2025-10-03 15:58:28,489 - src.openalex_collector - INFO -   Reached max results limit: 100
2025-10-03 15:58:28,489 - src.openalex_collector - INFO - [OK] Collected 198 papers from University of Melbourne
2025-10-03 15:58:29,002 - src.openalex_collector - INFO - 
Fetching papers from: University of Sydney
2025-10-03 15:58:32,022 - src.openalex_collector - INFO -   No more results at page 1
2025-10-03 15:58:32,023 - src.openalex_collector - INFO - [OK] Collected 0 papers from University of Sydney
2025-10-03 15:58:32,524 - src.openalex_collector - INFO - 
Fetching papers from: University of Queensland
