2025-10-01 12:34:07,197 - __main__ - INFO - Analysis started at: 2025-10-01 12:34:07.197746
2025-10-01 12:34:07,198 - __main__ - INFO - Log file: logs/full_analysis_20251001_123407.log
2025-10-01 12:34:07,228 - __main__ - INFO - 
================================================================================
2025-10-01 12:34:07,228 - __main__ - INFO - CONFIGURATION
2025-10-01 12:34:07,228 - __main__ - INFO - ================================================================================
2025-10-01 12:34:07,229 - __main__ - INFO - Email: param.pat01@gmail.com
2025-10-01 12:34:07,229 - __main__ - INFO - Date range: 2020-01-01 to 2024-12-31
2025-10-01 12:34:07,229 - __main__ - INFO - Universities: 44
2025-10-01 12:34:07,230 - __main__ - INFO - Themes: 9
2025-10-01 12:34:17,126 - __main__ - INFO - Mode: Quick test
2025-10-01 12:34:18,298 - src.openalex_collector - INFO - OpenAlex Collector initialized
2025-10-01 12:34:18,298 - src.openalex_collector - INFO - Date range: 2020-01-01 to 2024-12-31
2025-10-01 12:34:18,299 - src.openalex_collector - INFO - Using email: param.pat01@gmail.com
2025-10-01 12:34:18,299 - src.openalex_collector - INFO - 
================================================================================
2025-10-01 12:34:18,299 - src.openalex_collector - INFO - COLLECTING PAPERS FROM 3 UNIVERSITIES
2025-10-01 12:34:18,300 - src.openalex_collector - INFO - ================================================================================

2025-10-01 12:34:18,312 - src.openalex_collector - INFO - 
Fetching papers from: University of Melbourne
2025-10-01 12:34:24,146 - src.openalex_collector - INFO -   Page 1: Fetched 200 papers (Total: 198)
2025-10-01 12:34:24,147 - src.openalex_collector - INFO -   Reached max results limit: 100
2025-10-01 12:34:24,704 - src.openalex_collector - INFO - 
Fetching papers from: University of Sydney
2025-10-01 12:34:25,758 - src.openalex_collector - INFO -   No more results at page 1
2025-10-01 12:34:26,264 - src.openalex_collector - INFO - 
Fetching papers from: University of Queensland
2025-10-01 12:34:27,149 - src.openalex_collector - INFO -   No more results at page 1
2025-10-01 12:34:27,663 - src.openalex_collector - INFO - 
================================================================================
2025-10-01 12:34:27,663 - src.openalex_collector - INFO - COLLECTION COMPLETE
2025-10-01 12:34:27,664 - src.openalex_collector - INFO - ================================================================================
2025-10-01 12:34:27,664 - src.openalex_collector - INFO - Total papers collected: 198
2025-10-01 12:34:27,671 - src.openalex_collector - INFO - Date range: 2020-01-01 00:00:00 to 2024-08-01 00:00:00
2025-10-01 12:34:27,675 - src.openalex_collector - INFO - Universities: 1
2025-10-01 12:34:27,676 - src.openalex_collector - INFO - Papers with abstracts: 198 (100.0%)
2025-10-01 12:34:27,689 - src.openalex_collector - INFO - 
Deduplication: Removed 11 duplicates (5.6%)
2025-10-01 12:34:27,690 - src.openalex_collector - INFO - Papers remaining: 187
2025-10-01 12:34:27,720 - __main__ - ERROR - 

Fatal error: not enough values to unpack (expected 3, got 2)
