2025-10-03 20:17:00,955 - __main__ - INFO - Analysis started at: 2025-10-03 20:17:00.955845
2025-10-03 20:17:00,955 - __main__ - INFO - Log file: logs/full_analysis_20251003_201700.log
2025-10-03 20:17:00,977 - __main__ - INFO - 
================================================================================
2025-10-03 20:17:00,977 - __main__ - INFO - CONFIGURATION
2025-10-03 20:17:00,978 - __main__ - INFO - Email: param.pat01@gmail.com
2025-10-03 20:17:00,978 - __main__ - INFO - Date range: 2020-01-01 to 2024-12-31
2025-10-03 20:17:00,978 - __main__ - INFO - Universities: 43
2025-10-03 20:17:00,978 - __main__ - INFO - Themes: 9
2025-10-03 20:17:00,978 - __main__ - INFO - Mode: Quick test
2025-10-03 20:17:03,369 - src.openalex_collector - INFO - OpenAlex Collector initialized
2025-10-03 20:17:03,369 - src.openalex_collector - INFO - Date range: 2020-01-01 to 2024-12-31
2025-10-03 20:17:03,369 - src.openalex_collector - INFO - Using email: param.pat01@gmail.com
2025-10-03 20:17:03,370 - src.openalex_collector - INFO - 
================================================================================
2025-10-03 20:17:03,370 - src.openalex_collector - INFO - COLLECTING PAPERS FROM 3 UNIVERSITIES
2025-10-03 20:17:03,370 - src.openalex_collector - INFO - ================================================================================

2025-10-03 20:17:03,379 - src.openalex_collector - INFO - 
Fetching papers from: University of Melbourne
2025-10-03 20:17:09,349 - src.openalex_collector - INFO -   Page 1: Fetched 200 papers (Total: 198)
2025-10-03 20:17:09,349 - src.openalex_collector - INFO -   Reached max results limit: 100
2025-10-03 20:17:09,349 - src.openalex_collector - INFO - [OK] Collected 198 papers from University of Melbourne
2025-10-03 20:17:09,859 - src.openalex_collector - INFO - 
Fetching papers from: University of Sydney
2025-10-03 20:17:11,339 - src.openalex_collector - INFO -   No more results at page 1
2025-10-03 20:17:11,339 - src.openalex_collector - INFO - [OK] Collected 0 papers from University of Sydney
2025-10-03 20:17:11,841 - src.openalex_collector - INFO - 
Fetching papers from: University of Queensland
2025-10-03 20:17:13,087 - src.openalex_collector - INFO -   No more results at page 1
2025-10-03 20:17:13,088 - src.openalex_collector - INFO - [OK] Collected 0 papers from University of Queensland
2025-10-03 20:17:13,590 - src.openalex_collector - INFO - 
================================================================================
2025-10-03 20:17:13,590 - src.openalex_collector - INFO - COLLECTION COMPLETE
2025-10-03 20:17:13,590 - src.openalex_collector - INFO - ================================================================================
2025-10-03 20:17:13,590 - src.openalex_collector - INFO - Total papers collected: 198
2025-10-03 20:17:13,591 - src.openalex_collector - INFO - Date range: 2020-01-01 00:00:00 to 2024-08-01 00:00:00
2025-10-03 20:17:13,592 - src.openalex_collector - INFO - Universities: 1
2025-10-03 20:17:13,592 - src.openalex_collector - INFO - Papers with abstracts: 198 (100.0%)
2025-10-03 20:17:13,595 - src.openalex_collector - INFO - 
Deduplication: Removed 11 duplicates (5.6%)
2025-10-03 20:17:13,595 - src.openalex_collector - INFO - Papers remaining: 187
2025-10-03 20:17:13,609 - src.openalex_collector - INFO - 
[OK] Saved 187 papers to: data/raw/papers_raw.csv
2025-10-03 20:17:13,609 - __main__ - INFO - [OK] 1. DATA COLLECTION completed in 12.6 seconds
2025-10-03 20:17:27,338 - src.paper_preprocessor - INFO - PaperPreprocessor initialized with min_abstract_length=50
2025-10-03 20:17:27,338 - src.paper_preprocessor - INFO - Preprocessing abstracts...
2025-10-03 20:17:27,368 - src.paper_preprocessor - INFO - Filtered abstracts: 187 -> 125 (66.8% kept)
2025-10-03 20:17:27,509 - src.paper_preprocessor - INFO - Final processed papers: 125
2025-10-03 20:17:27,514 - __main__ - INFO - [OK] 2. PREPROCESSING completed in 13.9 seconds
2025-10-03 20:17:48,040 - src.topic_analyzer - INFO - Topic Analyzer initialized
2025-10-03 20:17:48,040 - src.topic_analyzer - INFO -   Min topic size: 15
2025-10-03 20:17:48,040 - src.topic_analyzer - INFO -   Target topics: 60
2025-10-03 20:17:48,041 - src.topic_analyzer - INFO - 
Initializing BERTopic model...
2025-10-03 20:17:48,041 - src.topic_analyzer - INFO -   Loading embedding model: all-MiniLM-L6-v2
2025-10-03 20:17:48,041 - sentence_transformers.SentenceTransformer - INFO - Load pretrained SentenceTransformer: all-MiniLM-L6-v2
2025-10-03 20:17:53,648 - sentence_transformers.SentenceTransformer - INFO - Use pytorch device_name: cpu
2025-10-03 20:17:53,651 - src.topic_analyzer - INFO - [OK] BERTopic model initialized
2025-10-03 20:17:53,651 - src.topic_analyzer - INFO - 
[OK] Loading cached embeddings from data/processed/embeddings.npy
2025-10-03 20:17:53,651 - src.topic_analyzer - INFO - 
Training BERTopic on 125 documents...
2025-10-03 20:17:53,651 - src.topic_analyzer - INFO - This will take approximately 60-90 seconds...
2025-10-03 20:18:01,796 - __main__ - ERROR - [ERROR] 3. TOPIC MODELING (BERTopic) failed after 34.3 seconds: max_df corresponds to < documents than min_df
2025-10-03 20:18:01,802 - __main__ - ERROR - Pipeline stopped due to topic modeling failure
