2025-10-03 16:06:18,636 - __main__ - INFO - Analysis started at: 2025-10-03 16:06:18.636365
2025-10-03 16:06:18,636 - __main__ - INFO - Log file: logs/full_analysis_20251003_160618.log
2025-10-03 16:06:18,691 - __main__ - INFO - 
================================================================================
2025-10-03 16:06:18,692 - __main__ - INFO - CONFIGURATION
2025-10-03 16:06:18,692 - __main__ - INFO - ================================================================================
2025-10-03 16:06:18,692 - __main__ - INFO - Email: param.pat01@gmail.com
2025-10-03 16:06:18,692 - __main__ - INFO - Date range: 2020-01-01 to 2024-12-31
2025-10-03 16:06:18,693 - __main__ - INFO - Universities: 44
2025-10-03 16:06:18,693 - __main__ - INFO - Themes: 9
2025-10-03 16:06:18,695 - __main__ - INFO - Mode: Quick test
2025-10-03 16:06:20,216 - src.openalex_collector - INFO - OpenAlex Collector initialized
2025-10-03 16:06:20,216 - src.openalex_collector - INFO - Date range: 2020-01-01 to 2024-12-31
2025-10-03 16:06:20,217 - src.openalex_collector - INFO - Using email: param.pat01@gmail.com
2025-10-03 16:06:20,217 - src.openalex_collector - INFO - 
================================================================================
2025-10-03 16:06:20,217 - src.openalex_collector - INFO - COLLECTING PAPERS FROM 3 UNIVERSITIES
2025-10-03 16:06:20,217 - src.openalex_collector - INFO - ================================================================================

2025-10-03 16:06:20,226 - src.openalex_collector - INFO - 
Fetching papers from: University of Melbourne
2025-10-03 16:06:29,287 - src.openalex_collector - INFO -   Page 1: Fetched 200 papers (Total: 198)
2025-10-03 16:06:29,287 - src.openalex_collector - INFO -   Reached max results limit: 100
2025-10-03 16:06:29,287 - src.openalex_collector - INFO - [OK] Collected 198 papers from University of Melbourne
2025-10-03 16:06:29,795 - src.openalex_collector - INFO - 
Fetching papers from: University of Sydney
2025-10-03 16:06:35,303 - src.openalex_collector - INFO -   No more results at page 1
2025-10-03 16:06:35,304 - src.openalex_collector - INFO - [OK] Collected 0 papers from University of Sydney
2025-10-03 16:06:35,807 - src.openalex_collector - INFO - 
Fetching papers from: University of Queensland
2025-10-03 16:06:37,301 - src.openalex_collector - INFO -   No more results at page 1
2025-10-03 16:06:37,302 - src.openalex_collector - INFO - [OK] Collected 0 papers from University of Queensland
2025-10-03 16:06:37,812 - src.openalex_collector - INFO - 
================================================================================
2025-10-03 16:06:37,812 - src.openalex_collector - INFO - COLLECTION COMPLETE
2025-10-03 16:06:37,812 - src.openalex_collector - INFO - ================================================================================
2025-10-03 16:06:37,813 - src.openalex_collector - INFO - Total papers collected: 198
2025-10-03 16:06:37,814 - src.openalex_collector - INFO - Date range: 2020-01-01 00:00:00 to 2024-08-01 00:00:00
2025-10-03 16:06:37,815 - src.openalex_collector - INFO - Universities: 1
2025-10-03 16:06:37,815 - src.openalex_collector - INFO - Papers with abstracts: 198 (100.0%)
2025-10-03 16:06:37,818 - src.openalex_collector - INFO - 
Deduplication: Removed 11 duplicates (5.6%)
2025-10-03 16:06:37,818 - src.openalex_collector - INFO - Papers remaining: 187
2025-10-03 16:06:37,832 - src.openalex_collector - INFO - 
[OK] Saved 187 papers to: data/raw/papers_raw.csv
2025-10-03 16:06:37,833 - __main__ - INFO - [OK] 1. DATA COLLECTION completed in 19.1 seconds
2025-10-03 16:06:38,726 - src.paper_preprocessor - WARNING - NLTK not available. Using basic preprocessing.
2025-10-03 16:06:38,727 - src.paper_preprocessor - INFO - PaperPreprocessor initialized with min_abstract_length=50
2025-10-03 16:06:38,727 - src.paper_preprocessor - INFO - Preprocessing abstracts...
2025-10-03 16:06:38,756 - src.paper_preprocessor - INFO - Filtered abstracts: 187 -> 125 (66.8% kept)
2025-10-03 16:06:38,764 - src.paper_preprocessor - INFO - Final processed papers: 125
2025-10-03 16:06:38,771 - __main__ - INFO - [OK] 2. PREPROCESSING completed in 0.9 seconds
2025-10-03 16:06:49,628 - src.topic_analyzer - INFO - Topic Analyzer initialized
2025-10-03 16:06:49,629 - src.topic_analyzer - INFO -   Min topic size: 15
2025-10-03 16:06:49,629 - src.topic_analyzer - INFO -   Target topics: 60
2025-10-03 16:06:49,629 - src.topic_analyzer - INFO - 
Initializing BERTopic model...
2025-10-03 16:06:49,630 - src.topic_analyzer - INFO -   Loading embedding model: all-MiniLM-L6-v2
2025-10-03 16:06:49,631 - sentence_transformers.SentenceTransformer - INFO - Use pytorch device_name: cpu
2025-10-03 16:06:49,631 - sentence_transformers.SentenceTransformer - INFO - Load pretrained SentenceTransformer: all-MiniLM-L6-v2
2025-10-03 16:06:54,104 - src.topic_analyzer - INFO - [OK] BERTopic model initialized
2025-10-03 16:06:54,105 - src.topic_analyzer - INFO - 
Generating embeddings (this may take 1-2 minutes)...
2025-10-03 16:06:54,105 - src.topic_analyzer - INFO - 
Training BERTopic on 125 documents...
2025-10-03 16:06:54,105 - src.topic_analyzer - INFO - This will take approximately 60-90 seconds...
2025-10-03 16:07:07,174 - src.topic_analyzer - INFO - [OK] Saved embeddings to data/processed/embeddings.npy
2025-10-03 16:07:07,175 - src.topic_analyzer - INFO - 
================================================================================
2025-10-03 16:07:07,175 - src.topic_analyzer - INFO - BERTOPIC TRAINING COMPLETE
2025-10-03 16:07:07,175 - src.topic_analyzer - INFO - ================================================================================
2025-10-03 16:07:07,175 - src.topic_analyzer - INFO - Processing time: 11.1 seconds
2025-10-03 16:07:07,175 - src.topic_analyzer - INFO - Topics discovered: 4
2025-10-03 16:07:07,176 - src.topic_analyzer - INFO - Outliers: 18 (14.4%)
2025-10-03 16:07:07,176 - src.topic_analyzer - INFO - Papers per topic (avg): 31.2
2025-10-03 16:07:07,176 - src.topic_analyzer - INFO - 
Analyzing topics over time...
2025-10-03 16:07:07,176 - src.topic_analyzer - INFO -   Time bins: 10 (quarterly analysis)
2025-10-03 16:07:07,352 - src.topic_analyzer - INFO - [OK] Temporal analysis complete
2025-10-03 16:07:07,353 - src.topic_analyzer - INFO -   Time periods analyzed: 10
2025-10-03 16:07:07,537 - src.topic_analyzer - INFO - 
[OK] Model saved to models/bertopic_model.pkl
2025-10-03 16:07:07,544 - __main__ - INFO - [OK] 3. TOPIC MODELING (BERTopic) completed in 28.8 seconds
2025-10-03 16:07:07,691 - src.theme_mapper - INFO - Theme Mapper initialized with 9 themes
2025-10-03 16:07:07,691 - src.theme_mapper - INFO - 
================================================================================
2025-10-03 16:07:07,692 - src.theme_mapper - INFO - MAPPING TOPICS TO BABCOCK THEMES
2025-10-03 16:07:07,692 - src.theme_mapper - INFO - ================================================================================
2025-10-03 16:07:07,747 - src.theme_mapper - INFO -   Average confidence: 0.018
2025-10-03 16:07:07,747 - src.theme_mapper - INFO -   Confidence range: 0.000 - 0.024
2025-10-03 16:07:07,747 - src.theme_mapper - INFO - 
  Topics per theme:
2025-10-03 16:07:07,748 - src.theme_mapper - INFO -     Cybersecurity: 3 topics
2025-10-03 16:07:07,748 - src.theme_mapper - INFO -     Defense_Security: 1 topics
2025-10-03 16:07:07,754 - __main__ - INFO - [OK] 4. THEME MAPPING completed in 0.2 seconds
2025-10-03 16:07:07,800 - src.trend_analyzer - INFO - Trend Analyzer initialized
2025-10-03 16:07:07,800 - src.trend_analyzer - INFO - 
================================================================================
2025-10-03 16:07:07,801 - src.trend_analyzer - INFO - ANALYZING TRENDS PER THEME
2025-10-03 16:07:07,801 - src.trend_analyzer - INFO - ================================================================================
2025-10-03 16:07:07,820 - src.trend_analyzer - INFO -   Defense_Security: 20 papers, +15.0% avg growth
2025-10-03 16:07:07,822 - src.trend_analyzer - INFO -   Cybersecurity: 87 papers, -12.7% avg growth
2025-10-03 16:07:07,823 - src.trend_analyzer - INFO - 
Identifying emerging topics...
2025-10-03 16:07:07,831 - src.trend_analyzer - INFO - 
Calculating strategic priorities...
2025-10-03 16:07:07,835 - __main__ - INFO - [OK] 5. TREND ANALYSIS completed in 0.1 seconds
2025-10-03 16:07:07,835 - __main__ - INFO - 
================================================================================
2025-10-03 16:07:07,836 - __main__ - INFO - SUMMARY
2025-10-03 16:07:07,836 - __main__ - INFO - ================================================================================
2025-10-03 16:07:07,836 - __main__ - INFO - Total processing time: 0.8 minutes
2025-10-03 16:07:07,836 - __main__ - INFO - Papers analyzed: 125
2025-10-03 16:07:07,837 - __main__ - ERROR - 

Fatal error: 'topic_id'
