2025-10-01 12:34:57,281 - __main__ - INFO - Analysis started at: 2025-10-01 12:34:57.281442
2025-10-01 12:34:57,281 - __main__ - INFO - Log file: logs/full_analysis_20251001_123457.log
2025-10-01 12:34:57,307 - __main__ - INFO - 
================================================================================
2025-10-01 12:34:57,308 - __main__ - INFO - CONFIGURATION
2025-10-01 12:34:57,308 - __main__ - INFO - ================================================================================
2025-10-01 12:34:57,308 - __main__ - INFO - Email: param.pat01@gmail.com
2025-10-01 12:34:57,309 - __main__ - INFO - Date range: 2020-01-01 to 2024-12-31
2025-10-01 12:34:57,309 - __main__ - INFO - Universities: 44
2025-10-01 12:34:57,310 - __main__ - INFO - Themes: 9
2025-10-01 12:35:02,397 - __main__ - INFO - Mode: Medium test
2025-10-01 12:35:03,332 - src.openalex_collector - INFO - OpenAlex Collector initialized
2025-10-01 12:35:03,332 - src.openalex_collector - INFO - Date range: 2020-01-01 to 2024-12-31
2025-10-01 12:35:03,332 - src.openalex_collector - INFO - Using email: param.pat01@gmail.com
2025-10-01 12:35:03,332 - src.openalex_collector - INFO - 
================================================================================
2025-10-01 12:35:03,332 - src.openalex_collector - INFO - COLLECTING PAPERS FROM 10 UNIVERSITIES
2025-10-01 12:35:03,332 - src.openalex_collector - INFO - ================================================================================

2025-10-01 12:35:03,338 - src.openalex_collector - INFO - 
Fetching papers from: University of Melbourne
2025-10-01 12:35:14,523 - src.openalex_collector - INFO -   Page 1: Fetched 200 papers (Total: 198)
2025-10-01 12:35:18,703 - src.openalex_collector - INFO -   Page 2: Fetched 200 papers (Total: 398)
2025-10-01 12:35:22,835 - src.openalex_collector - INFO -   Page 3: Fetched 200 papers (Total: 596)
2025-10-01 12:35:22,836 - src.openalex_collector - INFO -   Reached max results limit: 500
2025-10-01 12:35:23,347 - src.openalex_collector - INFO - 
Fetching papers from: University of Sydney
2025-10-01 12:35:24,073 - src.openalex_collector - INFO -   No more results at page 1
2025-10-01 12:35:24,577 - src.openalex_collector - INFO - 
Fetching papers from: University of Queensland
2025-10-01 12:35:25,306 - src.openalex_collector - INFO -   No more results at page 1
2025-10-01 12:35:25,810 - src.openalex_collector - INFO - 
Fetching papers from: Monash University
2025-10-01 12:35:26,799 - src.openalex_collector - INFO -   No more results at page 1
2025-10-01 12:35:27,302 - src.openalex_collector - INFO - 
Fetching papers from: University of New South Wales
2025-10-01 12:35:29,088 - src.openalex_collector - INFO -   No more results at page 1
2025-10-01 12:35:29,592 - src.openalex_collector - INFO - 
Fetching papers from: Australian National University
2025-10-01 12:35:30,666 - src.openalex_collector - INFO -   No more results at page 1
2025-10-01 12:35:31,170 - src.openalex_collector - INFO - 
Fetching papers from: University of Western Australia
2025-10-01 12:35:32,085 - src.openalex_collector - INFO -   No more results at page 1
2025-10-01 12:35:32,590 - src.openalex_collector - INFO - 
Fetching papers from: University of Adelaide
2025-10-01 12:35:33,483 - src.openalex_collector - INFO -   No more results at page 1
2025-10-01 12:35:33,988 - src.openalex_collector - INFO - 
Fetching papers from: University of Technology Sydney
2025-10-01 12:35:36,016 - src.openalex_collector - INFO -   No more results at page 1
2025-10-01 12:35:36,519 - src.openalex_collector - INFO - 
Fetching papers from: Queensland University of Technology
2025-10-01 12:35:38,068 - src.openalex_collector - INFO -   No more results at page 1
2025-10-01 12:35:38,575 - src.openalex_collector - INFO - 
================================================================================
2025-10-01 12:35:38,575 - src.openalex_collector - INFO - COLLECTION COMPLETE
2025-10-01 12:35:38,575 - src.openalex_collector - INFO - ================================================================================
2025-10-01 12:35:38,576 - src.openalex_collector - INFO - Total papers collected: 596
2025-10-01 12:35:38,577 - src.openalex_collector - INFO - Date range: 2020-01-01 00:00:00 to 2024-08-07 00:00:00
2025-10-01 12:35:38,578 - src.openalex_collector - INFO - Universities: 1
2025-10-01 12:35:38,579 - src.openalex_collector - INFO - Papers with abstracts: 596 (100.0%)
2025-10-01 12:35:38,582 - src.openalex_collector - INFO - 
Deduplication: Removed 13 duplicates (2.2%)
2025-10-01 12:35:38,582 - src.openalex_collector - INFO - Papers remaining: 583
2025-10-01 12:35:38,631 - __main__ - ERROR - 

Fatal error: not enough values to unpack (expected 3, got 2)
