2025-10-03 16:03:10,975 - __main__ - INFO - Analysis started at: 2025-10-03 16:03:10.975053
2025-10-03 16:03:10,975 - __main__ - INFO - Log file: logs/full_analysis_20251003_160310.log
2025-10-03 16:03:11,023 - __main__ - INFO - 
================================================================================
2025-10-03 16:03:11,023 - __main__ - INFO - CONFIGURATION
2025-10-03 16:03:11,023 - __main__ - INFO - ================================================================================
2025-10-03 16:03:11,024 - __main__ - INFO - Email: param.pat01@gmail.com
2025-10-03 16:03:11,024 - __main__ - INFO - Date range: 2020-01-01 to 2024-12-31
2025-10-03 16:03:11,024 - __main__ - INFO - Universities: 44
2025-10-03 16:03:11,025 - __main__ - INFO - Themes: 9
2025-10-03 16:03:11,027 - __main__ - INFO - Mode: Quick test
2025-10-03 16:03:12,427 - src.openalex_collector - INFO - OpenAlex Collector initialized
2025-10-03 16:03:12,427 - src.openalex_collector - INFO - Date range: 2020-01-01 to 2024-12-31
2025-10-03 16:03:12,428 - src.openalex_collector - INFO - Using email: param.pat01@gmail.com
2025-10-03 16:03:12,428 - src.openalex_collector - INFO - 
================================================================================
2025-10-03 16:03:12,428 - src.openalex_collector - INFO - COLLECTING PAPERS FROM 3 UNIVERSITIES
2025-10-03 16:03:12,428 - src.openalex_collector - INFO - ================================================================================

2025-10-03 16:03:12,439 - src.openalex_collector - INFO - 
Fetching papers from: University of Melbourne
2025-10-03 16:03:17,868 - src.openalex_collector - INFO -   Page 1: Fetched 200 papers (Total: 198)
2025-10-03 16:03:17,869 - src.openalex_collector - INFO -   Reached max results limit: 100
2025-10-03 16:03:17,869 - src.openalex_collector - INFO - [OK] Collected 198 papers from University of Melbourne
2025-10-03 16:03:18,379 - src.openalex_collector - INFO - 
Fetching papers from: University of Sydney
2025-10-03 16:03:20,713 - src.openalex_collector - INFO -   No more results at page 1
2025-10-03 16:03:20,714 - src.openalex_collector - INFO - [OK] Collected 0 papers from University of Sydney
2025-10-03 16:03:21,215 - src.openalex_collector - INFO - 
Fetching papers from: University of Queensland
2025-10-03 16:03:22,663 - src.openalex_collector - INFO -   No more results at page 1
2025-10-03 16:03:22,663 - src.openalex_collector - INFO - [OK] Collected 0 papers from University of Queensland
2025-10-03 16:03:23,173 - src.openalex_collector - INFO - 
================================================================================
2025-10-03 16:03:23,174 - src.openalex_collector - INFO - COLLECTION COMPLETE
2025-10-03 16:03:23,174 - src.openalex_collector - INFO - ================================================================================
2025-10-03 16:03:23,174 - src.openalex_collector - INFO - Total papers collected: 198
2025-10-03 16:03:23,176 - src.openalex_collector - INFO - Date range: 2020-01-01 00:00:00 to 2024-08-01 00:00:00
2025-10-03 16:03:23,176 - src.openalex_collector - INFO - Universities: 1
2025-10-03 16:03:23,177 - src.openalex_collector - INFO - Papers with abstracts: 198 (100.0%)
2025-10-03 16:03:23,180 - src.openalex_collector - INFO - 
Deduplication: Removed 11 duplicates (5.6%)
2025-10-03 16:03:23,181 - src.openalex_collector - INFO - Papers remaining: 187
2025-10-03 16:03:23,199 - src.openalex_collector - INFO - 
[OK] Saved 187 papers to: data/raw/papers_raw.csv
2025-10-03 16:03:23,200 - __main__ - INFO - [OK] 1. DATA COLLECTION completed in 12.2 seconds
2025-10-03 16:03:24,133 - src.paper_preprocessor - WARNING - NLTK not available. Using basic preprocessing.
2025-10-03 16:03:24,133 - src.paper_preprocessor - INFO - PaperPreprocessor initialized with min_abstract_length=50
2025-10-03 16:03:24,134 - src.paper_preprocessor - INFO - Preprocessing abstracts...
2025-10-03 16:03:24,166 - src.paper_preprocessor - INFO - Filtered abstracts: 187 -> 125 (66.8% kept)
2025-10-03 16:03:24,174 - src.paper_preprocessor - INFO - Final processed papers: 125
2025-10-03 16:03:24,182 - __main__ - INFO - [OK] 2. PREPROCESSING completed in 1.0 seconds
2025-10-03 16:03:24,183 - __main__ - ERROR - 

Fatal error: not enough values to unpack (expected 3, got 2)
