2025-10-03 15:25:29,461 - __main__ - INFO - Analysis started at: 2025-10-03 15:25:29.460538
2025-10-03 15:25:29,461 - __main__ - INFO - Log file: logs/full_analysis_20251003_152529.log
2025-10-03 15:25:29,524 - __main__ - INFO - 
================================================================================
2025-10-03 15:25:29,524 - __main__ - INFO - CONFIGURATION
2025-10-03 15:25:29,525 - __main__ - INFO - ================================================================================
2025-10-03 15:25:29,525 - __main__ - INFO - Email: param.pat01@gmail.com
2025-10-03 15:25:29,526 - __main__ - INFO - Date range: 2020-01-01 to 2024-12-31
2025-10-03 15:25:29,526 - __main__ - INFO - Universities: 44
2025-10-03 15:25:29,529 - __main__ - INFO - Themes: 9
2025-10-03 15:25:29,533 - __main__ - INFO - Mode: Quick test
2025-10-03 15:25:31,676 - src.openalex_collector - INFO - OpenAlex Collector initialized
2025-10-03 15:25:31,677 - src.openalex_collector - INFO - Date range: 2020-01-01 to 2024-12-31
2025-10-03 15:25:31,677 - src.openalex_collector - INFO - Using email: param.pat01@gmail.com
2025-10-03 15:25:31,678 - src.openalex_collector - INFO - 
================================================================================
2025-10-03 15:25:31,678 - src.openalex_collector - INFO - COLLECTING PAPERS FROM 3 UNIVERSITIES
2025-10-03 15:25:31,679 - src.openalex_collector - INFO - ================================================================================

2025-10-03 15:25:31,694 - src.openalex_collector - INFO - 
Fetching papers from: University of Melbourne
