2025-10-03 20:18:46,270 - __main__ - INFO - Analysis started at: 2025-10-03 20:18:46.270430
2025-10-03 20:18:46,271 - __main__ - INFO - Log file: logs/full_analysis_20251003_201846.log
2025-10-03 20:18:46,289 - __main__ - INFO - 
================================================================================
2025-10-03 20:18:46,290 - __main__ - INFO - CONFIGURATION
2025-10-03 20:18:46,290 - __main__ - INFO - Email: param.pat01@gmail.com
2025-10-03 20:18:46,290 - __main__ - INFO - Date range: 2020-01-01 to 2024-12-31
2025-10-03 20:18:46,290 - __main__ - INFO - Universities: 43
2025-10-03 20:18:46,290 - __main__ - INFO - Themes: 9
2025-10-03 20:18:46,290 - __main__ - INFO - Mode: Quick test
2025-10-03 20:18:46,933 - src.openalex_collector - INFO - OpenAlex Collector initialized
2025-10-03 20:18:46,933 - src.openalex_collector - INFO - Date range: 2020-01-01 to 2024-12-31
2025-10-03 20:18:46,934 - src.openalex_collector - INFO - Using email: param.pat01@gmail.com
2025-10-03 20:18:46,934 - src.openalex_collector - INFO - 
================================================================================
2025-10-03 20:18:46,934 - src.openalex_collector - INFO - COLLECTING PAPERS FROM 3 UNIVERSITIES
2025-10-03 20:18:46,934 - src.openalex_collector - INFO - ================================================================================

2025-10-03 20:18:46,941 - src.openalex_collector - INFO - 
Fetching papers from: University of Melbourne
2025-10-03 20:18:52,286 - src.openalex_collector - INFO -   Page 1: Fetched 200 papers (Total: 198)
2025-10-03 20:18:52,286 - src.openalex_collector - INFO -   Reached max results limit: 100
2025-10-03 20:18:52,286 - src.openalex_collector - INFO - [OK] Collected 198 papers from University of Melbourne
2025-10-03 20:18:52,795 - src.openalex_collector - INFO - 
Fetching papers from: University of Sydney
2025-10-03 20:18:53,995 - src.openalex_collector - INFO -   No more results at page 1
2025-10-03 20:18:53,995 - src.openalex_collector - INFO - [OK] Collected 0 papers from University of Sydney
2025-10-03 20:18:54,497 - src.openalex_collector - INFO - 
Fetching papers from: University of Queensland
2025-10-03 20:18:55,722 - src.openalex_collector - INFO -   No more results at page 1
2025-10-03 20:18:55,722 - src.openalex_collector - INFO - [OK] Collected 0 papers from University of Queensland
2025-10-03 20:18:56,226 - src.openalex_collector - INFO - 
================================================================================
2025-10-03 20:18:56,226 - src.openalex_collector - INFO - COLLECTION COMPLETE
2025-10-03 20:18:56,227 - src.openalex_collector - INFO - ================================================================================
2025-10-03 20:18:56,227 - src.openalex_collector - INFO - Total papers collected: 198
2025-10-03 20:18:56,228 - src.openalex_collector - INFO - Date range: 2020-01-01 00:00:00 to 2024-08-01 00:00:00
2025-10-03 20:18:56,229 - src.openalex_collector - INFO - Universities: 1
2025-10-03 20:18:56,229 - src.openalex_collector - INFO - Papers with abstracts: 198 (100.0%)
2025-10-03 20:18:56,235 - src.openalex_collector - INFO - 
Deduplication: Removed 11 duplicates (5.6%)
2025-10-03 20:18:56,235 - src.openalex_collector - INFO - Papers remaining: 187
2025-10-03 20:18:56,252 - src.openalex_collector - INFO - 
[OK] Saved 187 papers to: data/raw/papers_raw.csv
2025-10-03 20:18:56,252 - __main__ - INFO - [OK] 1. DATA COLLECTION completed in 10.0 seconds
2025-10-03 20:18:57,839 - src.paper_preprocessor - INFO - PaperPreprocessor initialized with min_abstract_length=50
2025-10-03 20:18:57,840 - src.paper_preprocessor - INFO - Preprocessing abstracts...
2025-10-03 20:18:57,872 - src.paper_preprocessor - INFO - Filtered abstracts: 187 -> 125 (66.8% kept)
2025-10-03 20:18:58,023 - src.paper_preprocessor - INFO - Final processed papers: 125
2025-10-03 20:18:58,028 - __main__ - INFO - [OK] 2. PREPROCESSING completed in 1.8 seconds
2025-10-03 20:19:12,487 - src.topic_analyzer - INFO - Topic Analyzer initialized
2025-10-03 20:19:12,487 - src.topic_analyzer - INFO -   Min topic size: 15
2025-10-03 20:19:12,487 - src.topic_analyzer - INFO -   Target topics: 60
2025-10-03 20:19:12,487 - src.topic_analyzer - INFO - 
Initializing BERTopic model...
2025-10-03 20:19:12,488 - src.topic_analyzer - INFO -   Loading embedding model: all-MiniLM-L6-v2
2025-10-03 20:19:12,488 - sentence_transformers.SentenceTransformer - INFO - Load pretrained SentenceTransformer: all-MiniLM-L6-v2
2025-10-03 20:19:16,867 - sentence_transformers.SentenceTransformer - INFO - Use pytorch device_name: cpu
2025-10-03 20:19:16,868 - src.topic_analyzer - INFO - [OK] BERTopic model initialized
2025-10-03 20:19:16,869 - src.topic_analyzer - INFO - 
[OK] Loading cached embeddings from data/processed/embeddings.npy
2025-10-03 20:19:16,869 - src.topic_analyzer - INFO - 
Training BERTopic on 125 documents...
2025-10-03 20:19:16,869 - src.topic_analyzer - INFO - This will take approximately 60-90 seconds...
2025-10-03 20:19:26,364 - src.topic_analyzer - INFO - 
================================================================================
2025-10-03 20:19:26,365 - src.topic_analyzer - INFO - BERTOPIC TRAINING COMPLETE
2025-10-03 20:19:26,365 - src.topic_analyzer - INFO - ================================================================================
2025-10-03 20:19:26,365 - src.topic_analyzer - INFO - Processing time: 9.5 seconds
2025-10-03 20:19:26,365 - src.topic_analyzer - INFO - Topics discovered: 2
2025-10-03 20:19:26,365 - src.topic_analyzer - INFO - Outliers: 9 (7.2%)
2025-10-03 20:19:26,365 - src.topic_analyzer - INFO - Papers per topic (avg): 62.5
2025-10-03 20:19:26,365 - src.topic_analyzer - INFO - 
Analyzing topics over time...
2025-10-03 20:19:26,365 - src.topic_analyzer - INFO -   Time bins: 10 (quarterly analysis)
2025-10-03 20:19:26,567 - src.topic_analyzer - INFO - [OK] Temporal analysis complete
2025-10-03 20:19:26,567 - src.topic_analyzer - INFO -   Time periods analyzed: 10
2025-10-03 20:19:27,161 - src.topic_analyzer - INFO - 
[OK] Model saved to models/bertopic_model.pkl
2025-10-03 20:19:27,171 - __main__ - INFO - [OK] 3. TOPIC MODELING (BERTopic) completed in 29.1 seconds
2025-10-03 20:19:27,384 - src.theme_mapper - INFO - Theme Mapper initialized with 9 themes
2025-10-03 20:19:27,384 - src.theme_mapper - INFO - 
================================================================================
2025-10-03 20:19:27,385 - src.theme_mapper - INFO - MAPPING TOPICS TO BABCOCK THEMES
2025-10-03 20:19:27,385 - src.theme_mapper - INFO - ================================================================================
2025-10-03 20:19:27,431 - src.theme_mapper - INFO - 
[OK] Mapped 2 topics to themes
2025-10-03 20:19:27,433 - src.theme_mapper - INFO -   Average confidence: 0.000
2025-10-03 20:19:27,433 - src.theme_mapper - INFO -   Confidence range: 0.000 - 0.000
2025-10-03 20:19:27,433 - src.theme_mapper - INFO - 
  Topics per theme:
2025-10-03 20:19:27,433 - src.theme_mapper - INFO -     Defense_Security: 2 topics
2025-10-03 20:19:27,433 - src.theme_mapper - INFO - 
[OK] Found 0 cross-theme topics
2025-10-03 20:19:27,433 - src.theme_mapper - INFO - [OK] Saved theme mapping to data/processed/topic_mapping.json
2025-10-03 20:19:27,444 - __main__ - INFO - [OK] 4. THEME MAPPING completed in 0.3 seconds
2025-10-03 20:19:27,479 - src.trend_analyzer - INFO - Trend Analyzer initialized
2025-10-03 20:19:27,479 - src.trend_analyzer - INFO - 
================================================================================
2025-10-03 20:19:27,479 - src.trend_analyzer - INFO - ANALYZING TRENDS PER THEME
2025-10-03 20:19:27,479 - src.trend_analyzer - INFO - ================================================================================
2025-10-03 20:19:27,484 - src.trend_analyzer - INFO -   Defense_Security: 116 papers, -11.9% avg growth
2025-10-03 20:19:27,484 - src.trend_analyzer - INFO - 
Identifying emerging topics...
2025-10-03 20:19:27,489 - src.trend_analyzer - INFO - [OK] Found 0 emerging topics (>50% growth)
2025-10-03 20:19:27,489 - src.trend_analyzer - INFO - 
Calculating strategic priorities...
2025-10-03 20:19:27,489 - src.trend_analyzer - INFO - [OK] Strategic priorities calculated
2025-10-03 20:19:27,491 - __main__ - INFO - [OK] 5. TREND ANALYSIS completed in 0.0 seconds
2025-10-03 20:19:27,491 - __main__ - INFO - 
================================================================================
2025-10-03 20:19:27,491 - __main__ - INFO - SUMMARY
2025-10-03 20:19:27,491 - __main__ - INFO - ================================================================================
2025-10-03 20:19:27,491 - __main__ - INFO - Total processing time: 0.7 minutes
2025-10-03 20:19:27,491 - __main__ - INFO - Papers analyzed: 125
2025-10-03 20:19:27,491 - __main__ - INFO - Topics discovered: Processing...
2025-10-03 20:19:27,491 - __main__ - INFO - Themes covered: 9
2025-10-03 20:19:27,491 - __main__ - INFO - 
================================================================================
2025-10-03 20:19:27,492 - __main__ - INFO - OUTPUT FILES
2025-10-03 20:19:27,492 - __main__ - INFO - ================================================================================
2025-10-03 20:19:27,492 - __main__ - INFO - [OK] Raw papers: data/raw/papers_raw.csv
2025-10-03 20:19:27,492 - __main__ - INFO - [OK] Processed papers: data/processed/papers_processed.csv
2025-10-03 20:19:27,492 - __main__ - INFO - [OK] BERTopic model: models/bertopic_model.pkl
2025-10-03 20:19:27,492 - __main__ - INFO - [OK] Topic-theme mapping: data/processed/topic_mapping.json
2025-10-03 20:19:27,492 - __main__ - INFO - [OK] Trend analysis: data/processed/trend_analysis.json
2025-10-03 20:19:27,492 - __main__ - INFO - [OK] Log file: logs/full_analysis_20251003_201846.log
2025-10-03 20:19:27,492 - __main__ - INFO - 
================================================================================
2025-10-03 20:19:27,492 - __main__ - INFO - NEXT STEPS
2025-10-03 20:19:27,492 - __main__ - INFO - ================================================================================
2025-10-03 20:19:27,492 - __main__ - INFO - 1. View results: python view_results.py
2025-10-03 20:19:27,492 - __main__ - INFO - 2. Launch dashboard: streamlit run dashboard/app.py
2025-10-03 20:19:27,492 - __main__ - INFO - 3. Generate reports: python scripts/generate_report.py
