2025-10-03 15:59:33,359 - __main__ - INFO - Analysis started at: 2025-10-03 15:59:33.359870
2025-10-03 15:59:33,360 - __main__ - INFO - Log file: logs/full_analysis_20251003_155933.log
2025-10-03 15:59:33,403 - __main__ - INFO - 
================================================================================
2025-10-03 15:59:33,403 - __main__ - INFO - CONFIGURATION
2025-10-03 15:59:33,404 - __main__ - INFO - ================================================================================
2025-10-03 15:59:33,404 - __main__ - INFO - Email: param.pat01@gmail.com
2025-10-03 15:59:33,404 - __main__ - INFO - Date range: 2020-01-01 to 2024-12-31
2025-10-03 15:59:33,405 - __main__ - INFO - Universities: 44
2025-10-03 15:59:33,406 - __main__ - INFO - Themes: 9
2025-10-03 15:59:33,408 - __main__ - INFO - Mode: Quick test
2025-10-03 15:59:35,147 - src.openalex_collector - INFO - OpenAlex Collector initialized
2025-10-03 15:59:35,147 - src.openalex_collector - INFO - Date range: 2020-01-01 to 2024-12-31
2025-10-03 15:59:35,148 - src.openalex_collector - INFO - Using email: param.pat01@gmail.com
2025-10-03 15:59:35,148 - src.openalex_collector - INFO - 
================================================================================
2025-10-03 15:59:35,148 - src.openalex_collector - INFO - COLLECTING PAPERS FROM 3 UNIVERSITIES
2025-10-03 15:59:35,149 - src.openalex_collector - INFO - ================================================================================

2025-10-03 15:59:35,165 - src.openalex_collector - INFO - 
Fetching papers from: University of Melbourne
2025-10-03 15:59:40,148 - src.openalex_collector - INFO -   Page 1: Fetched 200 papers (Total: 198)
2025-10-03 15:59:40,148 - src.openalex_collector - INFO -   Reached max results limit: 100
2025-10-03 15:59:40,148 - src.openalex_collector - INFO - [OK] Collected 198 papers from University of Melbourne
2025-10-03 15:59:40,658 - src.openalex_collector - INFO - 
Fetching papers from: University of Sydney
2025-10-03 15:59:44,774 - src.openalex_collector - INFO -   No more results at page 1
2025-10-03 15:59:44,775 - src.openalex_collector - INFO - [OK] Collected 0 papers from University of Sydney
2025-10-03 15:59:45,276 - src.openalex_collector - INFO - 
Fetching papers from: University of Queensland
2025-10-03 15:59:46,799 - src.openalex_collector - INFO -   No more results at page 1
2025-10-03 15:59:46,799 - src.openalex_collector - INFO - [OK] Collected 0 papers from University of Queensland
2025-10-03 15:59:47,322 - src.openalex_collector - INFO - 
================================================================================
2025-10-03 15:59:47,322 - src.openalex_collector - INFO - COLLECTION COMPLETE
2025-10-03 15:59:47,322 - src.openalex_collector - INFO - ================================================================================
2025-10-03 15:59:47,323 - src.openalex_collector - INFO - Total papers collected: 198
2025-10-03 15:59:47,336 - src.openalex_collector - INFO - Date range: 2020-01-01 00:00:00 to 2024-08-01 00:00:00
2025-10-03 15:59:47,340 - src.openalex_collector - INFO - Universities: 1
2025-10-03 15:59:47,341 - src.openalex_collector - INFO - Papers with abstracts: 198 (100.0%)
2025-10-03 15:59:47,354 - src.openalex_collector - INFO - 
Deduplication: Removed 11 duplicates (5.6%)
2025-10-03 15:59:47,355 - src.openalex_collector - INFO - Papers remaining: 187
2025-10-03 15:59:47,378 - src.openalex_collector - INFO - 
[OK] Saved 187 papers to: data/raw/papers_raw.csv
2025-10-03 15:59:47,379 - __main__ - INFO - [OK] 1. DATA COLLECTION completed in 14.0 seconds
2025-10-03 15:59:47,382 - __main__ - ERROR - [ERROR] 2. PREPROCESSING failed after 0.0 seconds: cannot import name 'PaperPreprocessor' from 'src.preprocessor' (C:\Users\param\Desktop\Smart-Research-insights-1\src\preprocessor.py)
2025-10-03 15:59:47,385 - __main__ - ERROR - 

Fatal error: not enough values to unpack (expected 3, got 2)
