2025-10-03 16:08:30,999 - __main__ - INFO - Analysis started at: 2025-10-03 16:08:30.999305
2025-10-03 16:08:31,000 - __main__ - INFO - Log file: logs/full_analysis_20251003_160830.log
2025-10-03 16:08:31,052 - __main__ - INFO - 
================================================================================
2025-10-03 16:08:31,052 - __main__ - INFO - CONFIGURATION
2025-10-03 16:08:31,053 - __main__ - INFO - ================================================================================
2025-10-03 16:08:31,053 - __main__ - INFO - Email: param.pat01@gmail.com
2025-10-03 16:08:31,053 - __main__ - INFO - Date range: 2020-01-01 to 2024-12-31
2025-10-03 16:08:31,053 - __main__ - INFO - Universities: 44
2025-10-03 16:08:31,054 - __main__ - INFO - Themes: 9
2025-10-03 16:08:31,055 - __main__ - INFO - Mode: Quick test
2025-10-03 16:08:32,467 - src.openalex_collector - INFO - OpenAlex Collector initialized
2025-10-03 16:08:32,467 - src.openalex_collector - INFO - Date range: 2020-01-01 to 2024-12-31
2025-10-03 16:08:32,467 - src.openalex_collector - INFO - Using email: param.pat01@gmail.com
2025-10-03 16:08:32,468 - src.openalex_collector - INFO - 
================================================================================
2025-10-03 16:08:32,468 - src.openalex_collector - INFO - COLLECTING PAPERS FROM 3 UNIVERSITIES
2025-10-03 16:08:32,468 - src.openalex_collector - INFO - ================================================================================

2025-10-03 16:08:32,485 - src.openalex_collector - INFO - 
Fetching papers from: University of Melbourne
2025-10-03 16:08:39,756 - src.openalex_collector - INFO -   Page 1: Fetched 200 papers (Total: 198)
2025-10-03 16:08:39,756 - src.openalex_collector - INFO -   Reached max results limit: 100
2025-10-03 16:08:39,756 - src.openalex_collector - INFO - [OK] Collected 198 papers from University of Melbourne
2025-10-03 16:08:40,264 - src.openalex_collector - INFO - 
Fetching papers from: University of Sydney
2025-10-03 16:08:41,920 - src.openalex_collector - INFO -   No more results at page 1
2025-10-03 16:08:41,920 - src.openalex_collector - INFO - [OK] Collected 0 papers from University of Sydney
2025-10-03 16:08:42,422 - src.openalex_collector - INFO - 
Fetching papers from: University of Queensland
2025-10-03 16:08:44,147 - src.openalex_collector - INFO -   No more results at page 1
2025-10-03 16:08:44,148 - src.openalex_collector - INFO - [OK] Collected 0 papers from University of Queensland
2025-10-03 16:08:44,658 - src.openalex_collector - INFO - 
================================================================================
2025-10-03 16:08:44,659 - src.openalex_collector - INFO - COLLECTION COMPLETE
2025-10-03 16:08:44,659 - src.openalex_collector - INFO - ================================================================================
2025-10-03 16:08:44,659 - src.openalex_collector - INFO - Total papers collected: 198
2025-10-03 16:08:44,661 - src.openalex_collector - INFO - Date range: 2020-01-01 00:00:00 to 2024-08-01 00:00:00
2025-10-03 16:08:44,661 - src.openalex_collector - INFO - Universities: 1
2025-10-03 16:08:44,662 - src.openalex_collector - INFO - Papers with abstracts: 198 (100.0%)
2025-10-03 16:08:44,665 - src.openalex_collector - INFO - 
Deduplication: Removed 11 duplicates (5.6%)
2025-10-03 16:08:44,665 - src.openalex_collector - INFO - Papers remaining: 187
2025-10-03 16:08:44,680 - src.openalex_collector - INFO - 
[OK] Saved 187 papers to: data/raw/papers_raw.csv
2025-10-03 16:08:44,681 - __main__ - INFO - [OK] 1. DATA COLLECTION completed in 13.6 seconds
2025-10-03 16:08:45,574 - src.paper_preprocessor - WARNING - NLTK not available. Using basic preprocessing.
2025-10-03 16:08:45,574 - src.paper_preprocessor - INFO - PaperPreprocessor initialized with min_abstract_length=50
2025-10-03 16:08:45,575 - src.paper_preprocessor - INFO - Preprocessing abstracts...
2025-10-03 16:08:45,604 - src.paper_preprocessor - INFO - Filtered abstracts: 187 -> 125 (66.8% kept)
2025-10-03 16:08:45,612 - src.paper_preprocessor - INFO - Final processed papers: 125
2025-10-03 16:08:45,620 - __main__ - INFO - [OK] 2. PREPROCESSING completed in 0.9 seconds
2025-10-03 16:08:56,390 - src.topic_analyzer - INFO - Topic Analyzer initialized
2025-10-03 16:08:56,390 - src.topic_analyzer - INFO -   Min topic size: 15
2025-10-03 16:08:56,390 - src.topic_analyzer - INFO -   Target topics: 60
2025-10-03 16:08:56,390 - src.topic_analyzer - INFO - 
Initializing BERTopic model...
2025-10-03 16:08:56,391 - src.topic_analyzer - INFO -   Loading embedding model: all-MiniLM-L6-v2
2025-10-03 16:08:56,392 - sentence_transformers.SentenceTransformer - INFO - Use pytorch device_name: cpu
2025-10-03 16:08:56,392 - sentence_transformers.SentenceTransformer - INFO - Load pretrained SentenceTransformer: all-MiniLM-L6-v2
2025-10-03 16:09:00,112 - src.topic_analyzer - INFO - [OK] BERTopic model initialized
2025-10-03 16:09:00,112 - src.topic_analyzer - INFO - 
[OK] Loading cached embeddings from data/processed/embeddings.npy
2025-10-03 16:09:00,122 - src.topic_analyzer - INFO - 
Training BERTopic on 125 documents...
2025-10-03 16:09:00,122 - src.topic_analyzer - INFO - This will take approximately 60-90 seconds...
2025-10-03 16:09:09,446 - src.topic_analyzer - INFO - 
================================================================================
2025-10-03 16:09:09,446 - src.topic_analyzer - INFO - BERTOPIC TRAINING COMPLETE
2025-10-03 16:09:09,446 - src.topic_analyzer - INFO - ================================================================================
2025-10-03 16:09:09,447 - src.topic_analyzer - INFO - Processing time: 9.3 seconds
2025-10-03 16:09:09,447 - src.topic_analyzer - INFO - Topics discovered: 4
2025-10-03 16:09:09,447 - src.topic_analyzer - INFO - Outliers: 18 (14.4%)
2025-10-03 16:09:09,447 - src.topic_analyzer - INFO - Papers per topic (avg): 31.2
2025-10-03 16:09:09,447 - src.topic_analyzer - INFO - 
Analyzing topics over time...
2025-10-03 16:09:09,448 - src.topic_analyzer - INFO -   Time bins: 10 (quarterly analysis)
2025-10-03 16:09:09,577 - src.topic_analyzer - INFO - [OK] Temporal analysis complete
2025-10-03 16:09:09,578 - src.topic_analyzer - INFO -   Time periods analyzed: 10
2025-10-03 16:09:09,775 - src.topic_analyzer - INFO - 
[OK] Model saved to models/bertopic_model.pkl
2025-10-03 16:09:09,782 - __main__ - INFO - [OK] 3. TOPIC MODELING (BERTopic) completed in 24.2 seconds
2025-10-03 16:09:09,900 - src.theme_mapper - INFO - Theme Mapper initialized with 9 themes
2025-10-03 16:09:09,900 - src.theme_mapper - INFO - 
================================================================================
2025-10-03 16:09:09,900 - src.theme_mapper - INFO - MAPPING TOPICS TO BABCOCK THEMES
2025-10-03 16:09:09,900 - src.theme_mapper - INFO - ================================================================================
2025-10-03 16:09:09,952 - src.theme_mapper - INFO - 
[OK] Mapped 4 topics to themes
2025-10-03 16:09:09,952 - src.theme_mapper - INFO -   Average confidence: 0.018
2025-10-03 16:09:09,952 - src.theme_mapper - INFO -   Confidence range: 0.000 - 0.024
2025-10-03 16:09:09,953 - src.theme_mapper - INFO - 
  Topics per theme:
2025-10-03 16:09:09,953 - src.theme_mapper - INFO -     Cybersecurity: 3 topics
2025-10-03 16:09:09,953 - src.theme_mapper - INFO -     Defense_Security: 1 topics
2025-10-03 16:09:09,954 - src.theme_mapper - INFO - 
[OK] Found 0 cross-theme topics
2025-10-03 16:09:09,955 - src.theme_mapper - INFO - [OK] Saved theme mapping to data/processed/topic_mapping.csv
2025-10-03 16:09:09,955 - __main__ - INFO - [OK] 4. THEME MAPPING completed in 0.2 seconds
2025-10-03 16:09:09,974 - src.trend_analyzer - INFO - Trend Analyzer initialized
2025-10-03 16:09:09,974 - src.trend_analyzer - INFO - 
================================================================================
2025-10-03 16:09:09,974 - src.trend_analyzer - INFO - ANALYZING TRENDS PER THEME
2025-10-03 16:09:09,974 - src.trend_analyzer - INFO - ================================================================================
2025-10-03 16:09:09,978 - src.trend_analyzer - INFO -   Defense_Security: 20 papers, +15.0% avg growth
2025-10-03 16:09:09,981 - src.trend_analyzer - INFO -   Cybersecurity: 87 papers, -12.7% avg growth
2025-10-03 16:09:09,981 - src.trend_analyzer - INFO - 
Identifying emerging topics...
2025-10-03 16:09:09,986 - src.trend_analyzer - INFO - [OK] Found 0 emerging topics (>50% growth)
2025-10-03 16:09:09,986 - src.trend_analyzer - INFO - 
Calculating strategic priorities...
2025-10-03 16:09:09,987 - src.trend_analyzer - INFO - [OK] Strategic priorities calculated
2025-10-03 16:09:09,988 - __main__ - INFO - [OK] 5. TREND ANALYSIS completed in 0.0 seconds
2025-10-03 16:09:09,989 - __main__ - INFO - 
================================================================================
2025-10-03 16:09:09,989 - __main__ - INFO - SUMMARY
2025-10-03 16:09:09,989 - __main__ - INFO - ================================================================================
2025-10-03 16:09:09,990 - __main__ - INFO - Total processing time: 0.6 minutes
2025-10-03 16:09:09,990 - __main__ - INFO - Papers analyzed: 125
2025-10-03 16:09:09,990 - __main__ - INFO - Topics discovered: Processing...
2025-10-03 16:09:09,991 - __main__ - INFO - Themes covered: 9
2025-10-03 16:09:09,991 - __main__ - INFO - 
================================================================================
2025-10-03 16:09:09,991 - __main__ - INFO - OUTPUT FILES
2025-10-03 16:09:09,991 - __main__ - INFO - ================================================================================
2025-10-03 16:09:09,992 - __main__ - INFO - [OK] Raw papers: data/raw/papers_raw.csv
2025-10-03 16:09:09,992 - __main__ - INFO - [OK] Processed papers: data/processed/papers_processed.csv
2025-10-03 16:09:09,992 - __main__ - INFO - [OK] BERTopic model: models/bertopic_model.pkl
2025-10-03 16:09:09,992 - __main__ - INFO - [OK] Topic-theme mapping: data/processed/topic_mapping.csv
2025-10-03 16:09:09,993 - __main__ - INFO - [OK] Trend analysis: data/processed/trend_analysis.csv
2025-10-03 16:09:09,993 - __main__ - INFO - [OK] Log file: logs/full_analysis_20251003_160830.log
2025-10-03 16:09:09,993 - __main__ - INFO - 
================================================================================
2025-10-03 16:09:09,993 - __main__ - INFO - NEXT STEPS
2025-10-03 16:09:09,993 - __main__ - INFO - ================================================================================
2025-10-03 16:09:09,994 - __main__ - INFO - 1. View results: python view_results.py
2025-10-03 16:09:09,994 - __main__ - INFO - 2. Launch dashboard: streamlit run dashboard/app.py
2025-10-03 16:09:09,994 - __main__ - INFO - 3. Generate reports: python scripts/generate_report.py
