2025-10-03 15:57:23,113 - __main__ - INFO - Analysis started at: 2025-10-03 15:57:23.113101
2025-10-03 15:57:23,114 - __main__ - INFO - Log file: logs/full_analysis_20251003_155723.log
2025-10-03 15:57:23,168 - __main__ - INFO - 
================================================================================
2025-10-03 15:57:23,168 - __main__ - INFO - CONFIGURATION
2025-10-03 15:57:23,168 - __main__ - INFO - ================================================================================
2025-10-03 15:57:23,168 - __main__ - INFO - Email: param.pat01@gmail.com
2025-10-03 15:57:23,169 - __main__ - INFO - Date range: 2020-01-01 to 2024-12-31
2025-10-03 15:57:23,169 - __main__ - INFO - Universities: 44
2025-10-03 15:57:23,170 - __main__ - INFO - Themes: 9
2025-10-03 15:57:23,171 - __main__ - INFO - Mode: Quick test
2025-10-03 15:57:27,051 - src.openalex_collector - INFO - OpenAlex Collector initialized
2025-10-03 15:57:27,051 - src.openalex_collector - INFO - Date range: 2020-01-01 to 2024-12-31
2025-10-03 15:57:27,051 - src.openalex_collector - INFO - Using email: param.pat01@gmail.com
2025-10-03 15:57:27,052 - src.openalex_collector - INFO - 
================================================================================
2025-10-03 15:57:27,052 - src.openalex_collector - INFO - COLLECTING PAPERS FROM 3 UNIVERSITIES
2025-10-03 15:57:27,052 - src.openalex_collector - INFO - ================================================================================

2025-10-03 15:57:27,067 - src.openalex_collector - INFO - 
Fetching papers from: University of Melbourne
