2025-10-03 16:01:26,034 - __main__ - INFO - Analysis started at: 2025-10-03 16:01:26.034169
2025-10-03 16:01:26,035 - __main__ - INFO - Log file: logs/full_analysis_20251003_160126.log
2025-10-03 16:01:26,081 - __main__ - INFO - 
================================================================================
2025-10-03 16:01:26,082 - __main__ - INFO - CONFIGURATION
2025-10-03 16:01:26,082 - __main__ - INFO - ================================================================================
2025-10-03 16:01:26,082 - __main__ - INFO - Email: param.pat01@gmail.com
2025-10-03 16:01:26,083 - __main__ - INFO - Date range: 2020-01-01 to 2024-12-31
2025-10-03 16:01:26,083 - __main__ - INFO - Universities: 44
2025-10-03 16:01:26,084 - __main__ - INFO - Themes: 9
2025-10-03 16:01:26,086 - __main__ - INFO - Mode: Quick test
2025-10-03 16:01:27,475 - src.openalex_collector - INFO - OpenAlex Collector initialized
2025-10-03 16:01:27,476 - src.openalex_collector - INFO - Date range: 2020-01-01 to 2024-12-31
2025-10-03 16:01:27,476 - src.openalex_collector - INFO - Using email: param.pat01@gmail.com
2025-10-03 16:01:27,476 - src.openalex_collector - INFO - 
================================================================================
2025-10-03 16:01:27,477 - src.openalex_collector - INFO - COLLECTING PAPERS FROM 3 UNIVERSITIES
2025-10-03 16:01:27,477 - src.openalex_collector - INFO - ================================================================================

2025-10-03 16:01:27,494 - src.openalex_collector - INFO - 
Fetching papers from: University of Melbourne
2025-10-03 16:01:43,228 - src.openalex_collector - INFO -   Page 1: Fetched 200 papers (Total: 198)
2025-10-03 16:01:43,228 - src.openalex_collector - INFO -   Reached max results limit: 100
2025-10-03 16:01:43,229 - src.openalex_collector - INFO - [OK] Collected 198 papers from University of Melbourne
2025-10-03 16:01:43,738 - src.openalex_collector - INFO - 
Fetching papers from: University of Sydney
2025-10-03 16:01:52,082 - src.openalex_collector - INFO -   No more results at page 1
2025-10-03 16:01:52,082 - src.openalex_collector - INFO - [OK] Collected 0 papers from University of Sydney
2025-10-03 16:01:52,584 - src.openalex_collector - INFO - 
Fetching papers from: University of Queensland
2025-10-03 16:01:58,242 - src.openalex_collector - INFO -   No more results at page 1
2025-10-03 16:01:58,243 - src.openalex_collector - INFO - [OK] Collected 0 papers from University of Queensland
2025-10-03 16:01:58,748 - src.openalex_collector - INFO - 
================================================================================
2025-10-03 16:01:58,748 - src.openalex_collector - INFO - COLLECTION COMPLETE
2025-10-03 16:01:58,748 - src.openalex_collector - INFO - ================================================================================
2025-10-03 16:01:58,749 - src.openalex_collector - INFO - Total papers collected: 198
2025-10-03 16:01:58,750 - src.openalex_collector - INFO - Date range: 2020-01-01 00:00:00 to 2024-08-01 00:00:00
2025-10-03 16:01:58,751 - src.openalex_collector - INFO - Universities: 1
2025-10-03 16:01:58,752 - src.openalex_collector - INFO - Papers with abstracts: 198 (100.0%)
2025-10-03 16:01:58,755 - src.openalex_collector - INFO - 
Deduplication: Removed 11 duplicates (5.6%)
2025-10-03 16:01:58,756 - src.openalex_collector - INFO - Papers remaining: 187
2025-10-03 16:01:58,774 - src.openalex_collector - INFO - 
[OK] Saved 187 papers to: data/raw/papers_raw.csv
2025-10-03 16:01:58,774 - __main__ - INFO - [OK] 1. DATA COLLECTION completed in 32.7 seconds
2025-10-03 16:02:04,624 - __main__ - ERROR - [ERROR] 2. PREPROCESSING failed after 5.8 seconds: PaperPreprocessor.__init__() got an unexpected keyword argument 'babcock_themes'
2025-10-03 16:02:04,626 - __main__ - ERROR - 

Fatal error: not enough values to unpack (expected 3, got 2)
