2025-10-03 16:12:07,662 - __main__ - INFO - Analysis started at: 2025-10-03 16:12:07.662585
2025-10-03 16:12:07,663 - __main__ - INFO - Log file: logs/full_analysis_20251003_161207.log
2025-10-03 16:12:07,710 - __main__ - INFO - 
================================================================================
2025-10-03 16:12:07,710 - __main__ - INFO - CONFIGURATION
2025-10-03 16:12:07,711 - __main__ - INFO - ================================================================================
2025-10-03 16:12:07,711 - __main__ - INFO - Email: param.pat01@gmail.com
2025-10-03 16:12:07,712 - __main__ - INFO - Date range: 2020-01-01 to 2024-12-31
2025-10-03 16:12:07,712 - __main__ - INFO - Universities: 44
2025-10-03 16:12:07,713 - __main__ - INFO - Themes: 9
2025-10-03 16:12:07,716 - __main__ - INFO - Mode: Quick test
2025-10-03 16:12:08,967 - src.openalex_collector - INFO - OpenAlex Collector initialized
2025-10-03 16:12:08,968 - src.openalex_collector - INFO - Date range: 2020-01-01 to 2024-12-31
2025-10-03 16:12:08,968 - src.openalex_collector - INFO - Using email: param.pat01@gmail.com
2025-10-03 16:12:08,969 - src.openalex_collector - INFO - 
================================================================================
2025-10-03 16:12:08,969 - src.openalex_collector - INFO - COLLECTING PAPERS FROM 3 UNIVERSITIES
2025-10-03 16:12:08,970 - src.openalex_collector - INFO - ================================================================================

2025-10-03 16:12:08,982 - src.openalex_collector - INFO - 
Fetching papers from: University of Melbourne
2025-10-03 16:12:15,161 - src.openalex_collector - INFO -   Page 1: Fetched 200 papers (Total: 198)
2025-10-03 16:12:15,162 - src.openalex_collector - INFO -   Reached max results limit: 100
2025-10-03 16:12:15,162 - src.openalex_collector - INFO - [OK] Collected 198 papers from University of Melbourne
2025-10-03 16:12:15,671 - src.openalex_collector - INFO - 
Fetching papers from: University of Sydney
2025-10-03 16:12:17,800 - src.openalex_collector - INFO -   No more results at page 1
2025-10-03 16:12:17,801 - src.openalex_collector - INFO - [OK] Collected 0 papers from University of Sydney
2025-10-03 16:12:18,303 - src.openalex_collector - INFO - 
Fetching papers from: University of Queensland
2025-10-03 16:12:21,082 - src.openalex_collector - INFO -   No more results at page 1
2025-10-03 16:12:21,083 - src.openalex_collector - INFO - [OK] Collected 0 papers from University of Queensland
2025-10-03 16:12:21,591 - src.openalex_collector - INFO - 
================================================================================
2025-10-03 16:12:21,591 - src.openalex_collector - INFO - COLLECTION COMPLETE
2025-10-03 16:12:21,592 - src.openalex_collector - INFO - ================================================================================
2025-10-03 16:12:21,592 - src.openalex_collector - INFO - Total papers collected: 198
2025-10-03 16:12:21,595 - src.openalex_collector - INFO - Date range: 2020-01-01 00:00:00 to 2024-08-01 00:00:00
2025-10-03 16:12:21,596 - src.openalex_collector - INFO - Universities: 1
2025-10-03 16:12:21,597 - src.openalex_collector - INFO - Papers with abstracts: 198 (100.0%)
2025-10-03 16:12:21,602 - src.openalex_collector - INFO - 
Deduplication: Removed 11 duplicates (5.6%)
2025-10-03 16:12:21,602 - src.openalex_collector - INFO - Papers remaining: 187
2025-10-03 16:12:21,629 - src.openalex_collector - INFO - 
[OK] Saved 187 papers to: data/raw/papers_raw.csv
2025-10-03 16:12:21,629 - __main__ - INFO - [OK] 1. DATA COLLECTION completed in 13.9 seconds
2025-10-03 16:12:22,997 - src.paper_preprocessor - WARNING - NLTK not available. Using basic preprocessing.
2025-10-03 16:12:22,997 - src.paper_preprocessor - INFO - PaperPreprocessor initialized with min_abstract_length=50
2025-10-03 16:12:22,997 - src.paper_preprocessor - INFO - Preprocessing abstracts...
2025-10-03 16:12:23,037 - src.paper_preprocessor - INFO - Filtered abstracts: 187 -> 125 (66.8% kept)
2025-10-03 16:12:23,046 - src.paper_preprocessor - INFO - Final processed papers: 125
2025-10-03 16:12:23,054 - __main__ - INFO - [OK] 2. PREPROCESSING completed in 1.4 seconds
2025-10-03 16:12:41,910 - src.topic_analyzer - INFO - Topic Analyzer initialized
2025-10-03 16:12:41,911 - src.topic_analyzer - INFO -   Min topic size: 15
2025-10-03 16:12:41,911 - src.topic_analyzer - INFO -   Target topics: 60
2025-10-03 16:12:41,911 - src.topic_analyzer - INFO - 
Initializing BERTopic model...
2025-10-03 16:12:41,912 - src.topic_analyzer - INFO -   Loading embedding model: all-MiniLM-L6-v2
2025-10-03 16:12:41,913 - sentence_transformers.SentenceTransformer - INFO - Use pytorch device_name: cpu
2025-10-03 16:12:41,914 - sentence_transformers.SentenceTransformer - INFO - Load pretrained SentenceTransformer: all-MiniLM-L6-v2
2025-10-03 16:12:45,775 - src.topic_analyzer - INFO - [OK] BERTopic model initialized
2025-10-03 16:12:45,775 - src.topic_analyzer - INFO - 
[OK] Loading cached embeddings from data/processed/embeddings.npy
2025-10-03 16:12:45,776 - src.topic_analyzer - INFO - 
Training BERTopic on 125 documents...
2025-10-03 16:12:45,777 - src.topic_analyzer - INFO - This will take approximately 60-90 seconds...
2025-10-03 16:13:01,571 - src.topic_analyzer - INFO - 
================================================================================
2025-10-03 16:13:01,571 - src.topic_analyzer - INFO - BERTOPIC TRAINING COMPLETE
2025-10-03 16:13:01,572 - src.topic_analyzer - INFO - ================================================================================
2025-10-03 16:13:01,572 - src.topic_analyzer - INFO - Processing time: 15.8 seconds
2025-10-03 16:13:01,572 - src.topic_analyzer - INFO - Topics discovered: 4
2025-10-03 16:13:01,573 - src.topic_analyzer - INFO - Outliers: 18 (14.4%)
2025-10-03 16:13:01,573 - src.topic_analyzer - INFO - Papers per topic (avg): 31.2
2025-10-03 16:13:01,573 - src.topic_analyzer - INFO - 
Analyzing topics over time...
2025-10-03 16:13:01,573 - src.topic_analyzer - INFO -   Time bins: 10 (quarterly analysis)
2025-10-03 16:13:01,759 - src.topic_analyzer - INFO - [OK] Temporal analysis complete
2025-10-03 16:13:01,760 - src.topic_analyzer - INFO -   Time periods analyzed: 10
2025-10-03 16:13:01,998 - src.topic_analyzer - INFO - 
[OK] Model saved to models/bertopic_model.pkl
2025-10-03 16:13:02,006 - __main__ - INFO - [OK] 3. TOPIC MODELING (BERTopic) completed in 39.0 seconds
2025-10-03 16:13:02,196 - src.theme_mapper - INFO - Theme Mapper initialized with 9 themes
2025-10-03 16:13:02,197 - src.theme_mapper - INFO - 
================================================================================
2025-10-03 16:13:02,197 - src.theme_mapper - INFO - MAPPING TOPICS TO BABCOCK THEMES
2025-10-03 16:13:02,197 - src.theme_mapper - INFO - ================================================================================
2025-10-03 16:13:02,281 - src.theme_mapper - INFO - 
[OK] Mapped 4 topics to themes
2025-10-03 16:13:02,281 - src.theme_mapper - INFO -   Average confidence: 0.018
2025-10-03 16:13:02,281 - src.theme_mapper - INFO -   Confidence range: 0.000 - 0.024
2025-10-03 16:13:02,281 - src.theme_mapper - INFO - 
  Topics per theme:
2025-10-03 16:13:02,282 - src.theme_mapper - INFO -     Cybersecurity: 3 topics
2025-10-03 16:13:02,282 - src.theme_mapper - INFO -     Defense_Security: 1 topics
2025-10-03 16:13:02,282 - src.theme_mapper - INFO - 
[OK] Found 0 cross-theme topics
2025-10-03 16:13:02,283 - src.theme_mapper - INFO - [OK] Saved theme mapping to data/processed/topic_mapping.csv
2025-10-03 16:13:02,284 - __main__ - INFO - [OK] 4. THEME MAPPING completed in 0.3 seconds
2025-10-03 16:13:02,303 - src.trend_analyzer - INFO - Trend Analyzer initialized
2025-10-03 16:13:02,303 - src.trend_analyzer - INFO - 
================================================================================
2025-10-03 16:13:02,303 - src.trend_analyzer - INFO - ANALYZING TRENDS PER THEME
2025-10-03 16:13:02,303 - src.trend_analyzer - INFO - ================================================================================
2025-10-03 16:13:02,308 - src.trend_analyzer - INFO -   Defense_Security: 20 papers, +15.0% avg growth
2025-10-03 16:13:02,310 - src.trend_analyzer - INFO -   Cybersecurity: 87 papers, -12.7% avg growth
2025-10-03 16:13:02,311 - src.trend_analyzer - INFO - 
Identifying emerging topics...
2025-10-03 16:13:02,315 - src.trend_analyzer - INFO - [OK] Found 0 emerging topics (>50% growth)
2025-10-03 16:13:02,315 - src.trend_analyzer - INFO - 
Calculating strategic priorities...
2025-10-03 16:13:02,316 - src.trend_analyzer - INFO - [OK] Strategic priorities calculated
2025-10-03 16:13:02,318 - __main__ - INFO - [OK] 5. TREND ANALYSIS completed in 0.0 seconds
2025-10-03 16:13:02,320 - __main__ - INFO - 
================================================================================
2025-10-03 16:13:02,320 - __main__ - INFO - SUMMARY
2025-10-03 16:13:02,321 - __main__ - INFO - ================================================================================
2025-10-03 16:13:02,321 - __main__ - INFO - Total processing time: 0.9 minutes
2025-10-03 16:13:02,321 - __main__ - INFO - Papers analyzed: 125
2025-10-03 16:13:02,322 - __main__ - INFO - Topics discovered: Processing...
2025-10-03 16:13:02,322 - __main__ - INFO - Themes covered: 9
2025-10-03 16:13:02,323 - __main__ - INFO - 
================================================================================
2025-10-03 16:13:02,323 - __main__ - INFO - OUTPUT FILES
2025-10-03 16:13:02,323 - __main__ - INFO - ================================================================================
2025-10-03 16:13:02,324 - __main__ - INFO - [OK] Raw papers: data/raw/papers_raw.csv
2025-10-03 16:13:02,324 - __main__ - INFO - [OK] Processed papers: data/processed/papers_processed.csv
2025-10-03 16:13:02,324 - __main__ - INFO - [OK] BERTopic model: models/bertopic_model.pkl
2025-10-03 16:13:02,325 - __main__ - INFO - [OK] Topic-theme mapping: data/processed/topic_mapping.csv
2025-10-03 16:13:02,325 - __main__ - INFO - [OK] Trend analysis: data/processed/trend_analysis.csv
2025-10-03 16:13:02,326 - __main__ - INFO - [OK] Log file: logs/full_analysis_20251003_161207.log
2025-10-03 16:13:02,326 - __main__ - INFO - 
================================================================================
2025-10-03 16:13:02,326 - __main__ - INFO - NEXT STEPS
2025-10-03 16:13:02,326 - __main__ - INFO - ================================================================================
2025-10-03 16:13:02,327 - __main__ - INFO - 1. View results: python view_results.py
2025-10-03 16:13:02,327 - __main__ - INFO - 2. Launch dashboard: streamlit run dashboard/app.py
2025-10-03 16:13:02,327 - __main__ - INFO - 3. Generate reports: python scripts/generate_report.py
